Nonterminals useless in grammar

    start


Rules useless in grammar

   19 start: object


Grammar

    0 $accept: object $end

    1 object: OBJECT_BEGIN OBJECT_END
    2       | OBJECT_BEGIN members OBJECT_END

    3 members: pair
    4        | pair COMMA members

    5 pair: STRING COLON value
    6     | STRING COLON object
    7     | STRING COLON array

    8 array: ARRAY_BEGIN ARRAY_END
    9      | ARRAY_BEGIN elements ARRAY_END

   10 elements: value
   11         | object
   12         | array
   13         | value COMMA elements
   14         | object COMMA elements
   15         | array COMMA elements

   16 value: STRING
   17      | NUMBER
   18      | BOOLEAN


Terminals, with rules where they appear

    $end (0) 0
    error (256)
    NUMBER <str> (258) 17
    STRING <str> (259) 5 6 7 16
    BOOLEAN <str> (260) 18
    OBJECT_BEGIN (261) 1 2
    ARRAY_BEGIN (262) 8 9
    OBJECT_END (263) 1 2
    ARRAY_END (264) 8 9
    COMMA (265) 4 13 14 15
    COLON (266) 5 6 7


Nonterminals, with rules where they appear

    $accept (12)
        on left: 0
    object <str> (13)
        on left: 1 2
        on right: 0 6 11 14
    members <str> (14)
        on left: 3 4
        on right: 2 4
    pair <str> (15)
        on left: 5 6 7
        on right: 3 4
    array <str> (16)
        on left: 8 9
        on right: 7 12 15
    elements <str> (17)
        on left: 10 11 12 13 14 15
        on right: 9 13 14 15
    value <str> (18)
        on left: 16 17 18
        on right: 5 10 13


State 0

    0 $accept: . object $end

    OBJECT_BEGIN  shift, and go to state 1

    object  go to state 2


State 1

    1 object: OBJECT_BEGIN . OBJECT_END
    2       | OBJECT_BEGIN . members OBJECT_END

    STRING      shift, and go to state 3
    OBJECT_END  shift, and go to state 4

    members  go to state 5
    pair     go to state 6


State 2

    0 $accept: object . $end

    $end  shift, and go to state 7


State 3

    5 pair: STRING . COLON value
    6     | STRING . COLON object
    7     | STRING . COLON array

    COLON  shift, and go to state 8


State 4

    1 object: OBJECT_BEGIN OBJECT_END .

    $default  reduce using rule 1 (object)


State 5

    2 object: OBJECT_BEGIN members . OBJECT_END

    OBJECT_END  shift, and go to state 9


State 6

    3 members: pair .
    4        | pair . COMMA members

    COMMA  shift, and go to state 10

    $default  reduce using rule 3 (members)


State 7

    0 $accept: object $end .

    $default  accept


State 8

    5 pair: STRING COLON . value
    6     | STRING COLON . object
    7     | STRING COLON . array

    NUMBER        shift, and go to state 11
    STRING        shift, and go to state 12
    BOOLEAN       shift, and go to state 13
    OBJECT_BEGIN  shift, and go to state 1
    ARRAY_BEGIN   shift, and go to state 14

    object  go to state 15
    array   go to state 16
    value   go to state 17


State 9

    2 object: OBJECT_BEGIN members OBJECT_END .

    $default  reduce using rule 2 (object)


State 10

    4 members: pair COMMA . members

    STRING  shift, and go to state 3

    members  go to state 18
    pair     go to state 6


State 11

   17 value: NUMBER .

    $default  reduce using rule 17 (value)


State 12

   16 value: STRING .

    $default  reduce using rule 16 (value)


State 13

   18 value: BOOLEAN .

    $default  reduce using rule 18 (value)


State 14

    8 array: ARRAY_BEGIN . ARRAY_END
    9      | ARRAY_BEGIN . elements ARRAY_END

    NUMBER        shift, and go to state 11
    STRING        shift, and go to state 12
    BOOLEAN       shift, and go to state 13
    OBJECT_BEGIN  shift, and go to state 1
    ARRAY_BEGIN   shift, and go to state 14
    ARRAY_END     shift, and go to state 19

    object    go to state 20
    array     go to state 21
    elements  go to state 22
    value     go to state 23


State 15

    6 pair: STRING COLON object .

    $default  reduce using rule 6 (pair)


State 16

    7 pair: STRING COLON array .

    $default  reduce using rule 7 (pair)


State 17

    5 pair: STRING COLON value .

    $default  reduce using rule 5 (pair)


State 18

    4 members: pair COMMA members .

    $default  reduce using rule 4 (members)


State 19

    8 array: ARRAY_BEGIN ARRAY_END .

    $default  reduce using rule 8 (array)


State 20

   11 elements: object .
   14         | object . COMMA elements

    COMMA  shift, and go to state 24

    $default  reduce using rule 11 (elements)


State 21

   12 elements: array .
   15         | array . COMMA elements

    COMMA  shift, and go to state 25

    $default  reduce using rule 12 (elements)


State 22

    9 array: ARRAY_BEGIN elements . ARRAY_END

    ARRAY_END  shift, and go to state 26


State 23

   10 elements: value .
   13         | value . COMMA elements

    COMMA  shift, and go to state 27

    $default  reduce using rule 10 (elements)


State 24

   14 elements: object COMMA . elements

    NUMBER        shift, and go to state 11
    STRING        shift, and go to state 12
    BOOLEAN       shift, and go to state 13
    OBJECT_BEGIN  shift, and go to state 1
    ARRAY_BEGIN   shift, and go to state 14

    object    go to state 20
    array     go to state 21
    elements  go to state 28
    value     go to state 23


State 25

   15 elements: array COMMA . elements

    NUMBER        shift, and go to state 11
    STRING        shift, and go to state 12
    BOOLEAN       shift, and go to state 13
    OBJECT_BEGIN  shift, and go to state 1
    ARRAY_BEGIN   shift, and go to state 14

    object    go to state 20
    array     go to state 21
    elements  go to state 29
    value     go to state 23


State 26

    9 array: ARRAY_BEGIN elements ARRAY_END .

    $default  reduce using rule 9 (array)


State 27

   13 elements: value COMMA . elements

    NUMBER        shift, and go to state 11
    STRING        shift, and go to state 12
    BOOLEAN       shift, and go to state 13
    OBJECT_BEGIN  shift, and go to state 1
    ARRAY_BEGIN   shift, and go to state 14

    object    go to state 20
    array     go to state 21
    elements  go to state 30
    value     go to state 23


State 28

   14 elements: object COMMA elements .

    $default  reduce using rule 14 (elements)


State 29

   15 elements: array COMMA elements .

    $default  reduce using rule 15 (elements)


State 30

   13 elements: value COMMA elements .

    $default  reduce using rule 13 (elements)
